Started at: 2025-08-23 10:15:59.753910
Command: bash 9ad5a255.sh
--------------------------------------------------
  % Total    % Received % Xferd  Average Speed   Time    Time     Time  Current
                                 Dload  Upload   Total   Spent    Left  Speed
  0     0    0     0    0     0      0      0 --:--:-- --:--:-- --:--:--     0  0     0    0     0    0     0      0      0 --:--:-- --:--:-- --:--:--     0100  1109    0   830  100   279    522    175  0:00:01  0:00:01 --:--:--   699100  1109    0   830  100   279    522    175  0:00:01  0:00:01 --:--:--   699
<html><meta http-equiv="content-type" content="text/html; charset=UTF-8">
<head><title>The page you are trying to reach does not exist (404).</title>
<link rel="stylesheet" href="/webmasters/tools/css/2248321652-wmt_ltr.css">
<link rel="stylesheet" href="/webmasters/tools/css/2787633750-wmt_noflip.css">
</head>
<body id="error-page"><div class="g-doc"><div class="error-header"><div class="product-name-logo">Search Console</div></div>
<h3>Oops!</h3>
<p class="not-found">The page you are trying to reach does not exist (404).</p>
<pre>
        
      </pre>

<script src="https://ssl.google-analytics.com/urchin.js" type="text/javascript">
      </script>
<script type="text/javascript">
        _uacct="UA-18009-2";
        _utcp="/webmasters/";
        _uanchor=1;
        urchinTracker();
      </script></div></body></html>